mode: set
sigs.k8s.io/leader-worker-set/internal/commonutils/statefulset_utils.go:31.57,35.25 4 1
sigs.k8s.io/leader-worker-set/internal/commonutils/statefulset_utils.go:35.25,37.3 1 1
sigs.k8s.io/leader-worker-set/internal/commonutils/statefulset_utils.go:38.2,39.67 2 1
sigs.k8s.io/leader-worker-set/internal/commonutils/statefulset_utils.go:39.67,41.3 1 1
sigs.k8s.io/leader-worker-set/internal/commonutils/statefulset_utils.go:42.2,42.24 1 1
sigs.k8s.io/leader-worker-set/internal/controller/controller_utils.go:40.141,42.57 2 1
sigs.k8s.io/leader-worker-set/internal/controller/controller_utils.go:42.57,44.3 1 1
sigs.k8s.io/leader-worker-set/internal/controller/controller_utils.go:44.8,46.3 1 1
sigs.k8s.io/leader-worker-set/internal/controller/controller_utils.go:48.2,49.16 2 1
sigs.k8s.io/leader-worker-set/internal/controller/controller_utils.go:49.16,51.3 1 0
sigs.k8s.io/leader-worker-set/internal/controller/controller_utils.go:52.2,54.16 3 1
sigs.k8s.io/leader-worker-set/internal/controller/controller_utils.go:54.16,56.3 1 0
sigs.k8s.io/leader-worker-set/internal/controller/controller_utils.go:57.2,63.70 4 1
sigs.k8s.io/leader-worker-set/internal/controller/controller_utils.go:63.70,65.3 1 1
sigs.k8s.io/leader-worker-set/internal/controller/controller_utils.go:66.2,83.31 3 1
sigs.k8s.io/leader-worker-set/internal/controller/controller_utils.go:87.143,90.9 2 0
sigs.k8s.io/leader-worker-set/internal/controller/controller_utils.go:90.9,92.3 1 0
sigs.k8s.io/leader-worker-set/internal/controller/controller_utils.go:93.2,94.16 2 0
sigs.k8s.io/leader-worker-set/internal/controller/controller_utils.go:94.16,96.3 1 0
sigs.k8s.io/leader-worker-set/internal/controller/controller_utils.go:97.2,104.12 2 0
sigs.k8s.io/leader-worker-set/internal/controller/controller_utils.go:108.156,112.16 3 0
sigs.k8s.io/leader-worker-set/internal/controller/controller_utils.go:112.16,114.3 1 0
sigs.k8s.io/leader-worker-set/internal/controller/controller_utils.go:115.2,117.16 3 0
sigs.k8s.io/leader-worker-set/internal/controller/controller_utils.go:117.16,119.3 1 0
sigs.k8s.io/leader-worker-set/internal/controller/controller_utils.go:120.2,129.70 6 0
sigs.k8s.io/leader-worker-set/internal/controller/controller_utils.go:129.70,131.3 1 0
sigs.k8s.io/leader-worker-set/internal/controller/controller_utils.go:132.2,144.31 3 0
sigs.k8s.io/leader-worker-set/internal/controller/controller_utils.go:148.46,149.84 1 0
sigs.k8s.io/leader-worker-set/internal/controller/controller_utils.go:149.84,150.51 1 0
sigs.k8s.io/leader-worker-set/internal/controller/controller_utils.go:150.51,152.29 2 0
sigs.k8s.io/leader-worker-set/internal/controller/controller_utils.go:152.29,154.5 1 0
sigs.k8s.io/leader-worker-set/internal/controller/controller_utils.go:156.3,156.47 1 0
sigs.k8s.io/leader-worker-set/internal/controller/controller_utils.go:156.47,158.29 2 0
sigs.k8s.io/leader-worker-set/internal/controller/controller_utils.go:158.29,160.5 1 0
sigs.k8s.io/leader-worker-set/internal/controller/controller_utils.go:163.2,163.14 1 0
sigs.k8s.io/leader-worker-set/internal/controller/controller_utils.go:167.38,169.2 1 0
sigs.k8s.io/leader-worker-set/internal/controller/controller_utils.go:172.37,174.2 1 0
sigs.k8s.io/leader-worker-set/internal/controller/controller_utils.go:176.47,178.2 1 0
sigs.k8s.io/leader-worker-set/internal/controller/controller_utils.go:180.37,182.2 1 0
sigs.k8s.io/leader-worker-set/internal/controller/controller_utils.go:184.58,187.2 2 0
sigs.k8s.io/leader-worker-set/internal/controller/controller_utils.go:189.73,192.2 2 0
sigs.k8s.io/leader-worker-set/internal/controller/controller_utils.go:194.115,195.19 1 0
sigs.k8s.io/leader-worker-set/internal/controller/controller_utils.go:195.19,197.3 1 0
sigs.k8s.io/leader-worker-set/internal/controller/controller_utils.go:198.2,198.66 1 0
sigs.k8s.io/leader-worker-set/internal/controller/controller_utils.go:201.131,202.23 1 0
sigs.k8s.io/leader-worker-set/internal/controller/controller_utils.go:202.23,204.3 1 0
sigs.k8s.io/leader-worker-set/internal/controller/controller_utils.go:205.2,205.28 1 0
sigs.k8s.io/leader-worker-set/internal/controller/controller_utils.go:205.28,206.42 1 0
sigs.k8s.io/leader-worker-set/internal/controller/controller_utils.go:206.42,208.4 1 0
sigs.k8s.io/leader-worker-set/internal/controller/controller_utils.go:210.2,210.16 1 0
sigs.k8s.io/leader-worker-set/internal/controller/controller_utils.go:213.53,218.15 4 0
sigs.k8s.io/leader-worker-set/internal/controller/controller_utils.go:218.15,222.3 3 0
sigs.k8s.io/leader-worker-set/internal/controller/controller_utils.go:224.2,231.18 2 0
sigs.k8s.io/leader-worker-set/internal/controller/controller_utils.go:234.93,236.146 1 0
sigs.k8s.io/leader-worker-set/internal/controller/controller_utils.go:236.146,238.3 1 0
sigs.k8s.io/leader-worker-set/internal/controller/controller_utils.go:239.2,239.14 1 0
sigs.k8s.io/leader-worker-set/internal/controller/controller_utils.go:242.93,248.53 4 0
sigs.k8s.io/leader-worker-set/internal/controller/controller_utils.go:248.53,249.45 1 0
sigs.k8s.io/leader-worker-set/internal/controller/controller_utils.go:249.45,250.50 1 0
sigs.k8s.io/leader-worker-set/internal/controller/controller_utils.go:250.50,255.5 2 0
sigs.k8s.io/leader-worker-set/internal/controller/controller_utils.go:257.4,257.16 1 0
sigs.k8s.io/leader-worker-set/internal/controller/controller_utils.go:258.9,262.100 1 0
sigs.k8s.io/leader-worker-set/internal/controller/controller_utils.go:262.100,266.5 2 0
sigs.k8s.io/leader-worker-set/internal/controller/controller_utils.go:270.2,270.59 1 0
sigs.k8s.io/leader-worker-set/internal/controller/controller_utils.go:270.59,273.3 2 0
sigs.k8s.io/leader-worker-set/internal/controller/controller_utils.go:274.2,274.21 1 0
sigs.k8s.io/leader-worker-set/internal/controller/leaderworkerset_controller.go:52.137,54.2 1 0
sigs.k8s.io/leader-worker-set/internal/controller/leaderworkerset_controller.go:65.107,69.104 2 0
sigs.k8s.io/leader-worker-set/internal/controller/leaderworkerset_controller.go:69.104,71.3 1 0
sigs.k8s.io/leader-worker-set/internal/controller/leaderworkerset_controller.go:72.2,77.16 4 0
sigs.k8s.io/leader-worker-set/internal/controller/leaderworkerset_controller.go:77.16,80.3 2 0
sigs.k8s.io/leader-worker-set/internal/controller/leaderworkerset_controller.go:81.2,81.107 1 0
sigs.k8s.io/leader-worker-set/internal/controller/leaderworkerset_controller.go:81.107,84.3 2 0
sigs.k8s.io/leader-worker-set/internal/controller/leaderworkerset_controller.go:85.2,86.16 2 0
sigs.k8s.io/leader-worker-set/internal/controller/leaderworkerset_controller.go:86.16,89.3 2 0
sigs.k8s.io/leader-worker-set/internal/controller/leaderworkerset_controller.go:90.2,101.16 3 0
sigs.k8s.io/leader-worker-set/internal/controller/leaderworkerset_controller.go:101.16,104.3 2 0
sigs.k8s.io/leader-worker-set/internal/controller/leaderworkerset_controller.go:106.2,110.93 3 0
sigs.k8s.io/leader-worker-set/internal/controller/leaderworkerset_controller.go:110.93,113.3 2 0
sigs.k8s.io/leader-worker-set/internal/controller/leaderworkerset_controller.go:116.2,116.69 1 0
sigs.k8s.io/leader-worker-set/internal/controller/leaderworkerset_controller.go:116.69,119.3 2 0
sigs.k8s.io/leader-worker-set/internal/controller/leaderworkerset_controller.go:121.2,122.16 2 0
sigs.k8s.io/leader-worker-set/internal/controller/leaderworkerset_controller.go:122.16,124.3 1 0
sigs.k8s.io/leader-worker-set/internal/controller/leaderworkerset_controller.go:126.2,127.27 2 0
sigs.k8s.io/leader-worker-set/internal/controller/leaderworkerset_controller.go:130.135,134.117 3 0
sigs.k8s.io/leader-worker-set/internal/controller/leaderworkerset_controller.go:134.117,135.40 1 0
sigs.k8s.io/leader-worker-set/internal/controller/leaderworkerset_controller.go:135.40,137.4 1 0
sigs.k8s.io/leader-worker-set/internal/controller/leaderworkerset_controller.go:138.3,151.86 2 0
sigs.k8s.io/leader-worker-set/internal/controller/leaderworkerset_controller.go:151.86,153.4 1 0
sigs.k8s.io/leader-worker-set/internal/controller/leaderworkerset_controller.go:155.3,156.57 2 0
sigs.k8s.io/leader-worker-set/internal/controller/leaderworkerset_controller.go:156.57,158.4 1 0
sigs.k8s.io/leader-worker-set/internal/controller/leaderworkerset_controller.go:160.2,160.12 1 0
sigs.k8s.io/leader-worker-set/internal/controller/leaderworkerset_controller.go:164.78,170.102 1 0
sigs.k8s.io/leader-worker-set/internal/controller/leaderworkerset_controller.go:170.102,177.5 1 0
sigs.k8s.io/leader-worker-set/internal/controller/leaderworkerset_controller.go:181.54,182.122 1 0
sigs.k8s.io/leader-worker-set/internal/controller/leaderworkerset_controller.go:182.122,186.19 3 0
sigs.k8s.io/leader-worker-set/internal/controller/leaderworkerset_controller.go:186.19,188.4 1 0
sigs.k8s.io/leader-worker-set/internal/controller/leaderworkerset_controller.go:190.3,190.70 1 0
sigs.k8s.io/leader-worker-set/internal/controller/leaderworkerset_controller.go:190.70,192.4 1 0
sigs.k8s.io/leader-worker-set/internal/controller/leaderworkerset_controller.go:194.3,194.30 1 0
sigs.k8s.io/leader-worker-set/internal/controller/leaderworkerset_controller.go:199.127,207.93 4 0
sigs.k8s.io/leader-worker-set/internal/controller/leaderworkerset_controller.go:207.93,210.3 2 0
sigs.k8s.io/leader-worker-set/internal/controller/leaderworkerset_controller.go:212.2,216.35 3 0
sigs.k8s.io/leader-worker-set/internal/controller/leaderworkerset_controller.go:216.35,217.27 1 0
sigs.k8s.io/leader-worker-set/internal/controller/leaderworkerset_controller.go:217.27,218.12 1 0
sigs.k8s.io/leader-worker-set/internal/controller/leaderworkerset_controller.go:221.3,221.53 1 0
sigs.k8s.io/leader-worker-set/internal/controller/leaderworkerset_controller.go:221.53,225.109 2 0
sigs.k8s.io/leader-worker-set/internal/controller/leaderworkerset_controller.go:225.109,228.5 2 0
sigs.k8s.io/leader-worker-set/internal/controller/leaderworkerset_controller.go:229.4,229.38 1 0
sigs.k8s.io/leader-worker-set/internal/controller/leaderworkerset_controller.go:229.38,232.5 1 0
sigs.k8s.io/leader-worker-set/internal/controller/leaderworkerset_controller.go:236.2,236.44 1 0
sigs.k8s.io/leader-worker-set/internal/controller/leaderworkerset_controller.go:236.44,239.3 2 0
sigs.k8s.io/leader-worker-set/internal/controller/leaderworkerset_controller.go:241.2,244.21 3 0
sigs.k8s.io/leader-worker-set/internal/controller/leaderworkerset_controller.go:244.21,246.3 1 0
sigs.k8s.io/leader-worker-set/internal/controller/leaderworkerset_controller.go:247.2,247.45 1 0
sigs.k8s.io/leader-worker-set/internal/controller/leaderworkerset_controller.go:251.115,257.104 4 0
sigs.k8s.io/leader-worker-set/internal/controller/leaderworkerset_controller.go:257.104,260.3 2 0
sigs.k8s.io/leader-worker-set/internal/controller/leaderworkerset_controller.go:263.2,264.37 2 0
sigs.k8s.io/leader-worker-set/internal/controller/leaderworkerset_controller.go:264.37,267.3 2 0
sigs.k8s.io/leader-worker-set/internal/controller/leaderworkerset_controller.go:269.2,269.37 1 0
sigs.k8s.io/leader-worker-set/internal/controller/leaderworkerset_controller.go:269.37,277.17 3 0
sigs.k8s.io/leader-worker-set/internal/controller/leaderworkerset_controller.go:277.17,280.4 2 0
sigs.k8s.io/leader-worker-set/internal/controller/leaderworkerset_controller.go:282.3,283.22 2 0
sigs.k8s.io/leader-worker-set/internal/controller/leaderworkerset_controller.go:287.2,288.16 2 0
sigs.k8s.io/leader-worker-set/internal/controller/leaderworkerset_controller.go:288.16,290.3 1 0
sigs.k8s.io/leader-worker-set/internal/controller/leaderworkerset_controller.go:291.2,291.38 1 0
sigs.k8s.io/leader-worker-set/internal/controller/leaderworkerset_controller.go:291.38,292.53 1 0
sigs.k8s.io/leader-worker-set/internal/controller/leaderworkerset_controller.go:292.53,295.4 2 0
sigs.k8s.io/leader-worker-set/internal/controller/leaderworkerset_controller.go:297.2,297.12 1 0
sigs.k8s.io/leader-worker-set/internal/controller/pod_controller.go:47.84,49.2 1 0
sigs.k8s.io/leader-worker-set/internal/controller/pod_controller.go:54.95,56.105 2 0
sigs.k8s.io/leader-worker-set/internal/controller/pod_controller.go:56.105,58.3 1 0
sigs.k8s.io/leader-worker-set/internal/controller/pod_controller.go:59.2,64.19 4 0
sigs.k8s.io/leader-worker-set/internal/controller/pod_controller.go:64.19,66.3 1 0
sigs.k8s.io/leader-worker-set/internal/controller/pod_controller.go:67.2,67.73 1 0
sigs.k8s.io/leader-worker-set/internal/controller/pod_controller.go:67.73,69.3 1 0
sigs.k8s.io/leader-worker-set/internal/controller/pod_controller.go:71.2,72.116 2 0
sigs.k8s.io/leader-worker-set/internal/controller/pod_controller.go:72.116,74.3 1 0
sigs.k8s.io/leader-worker-set/internal/controller/pod_controller.go:75.2,76.16 2 0
sigs.k8s.io/leader-worker-set/internal/controller/pod_controller.go:76.16,78.3 1 0
sigs.k8s.io/leader-worker-set/internal/controller/pod_controller.go:79.2,79.19 1 0
sigs.k8s.io/leader-worker-set/internal/controller/pod_controller.go:79.19,82.3 2 0
sigs.k8s.io/leader-worker-set/internal/controller/pod_controller.go:85.2,85.21 1 0
sigs.k8s.io/leader-worker-set/internal/controller/pod_controller.go:85.21,87.3 1 0
sigs.k8s.io/leader-worker-set/internal/controller/pod_controller.go:92.2,92.34 1 0
sigs.k8s.io/leader-worker-set/internal/controller/pod_controller.go:92.34,95.3 2 0
sigs.k8s.io/leader-worker-set/internal/controller/pod_controller.go:98.2,100.105 2 0
sigs.k8s.io/leader-worker-set/internal/controller/pod_controller.go:100.105,102.30 1 0
sigs.k8s.io/leader-worker-set/internal/controller/pod_controller.go:102.30,105.4 2 0
sigs.k8s.io/leader-worker-set/internal/controller/pod_controller.go:106.3,106.93 1 0
sigs.k8s.io/leader-worker-set/internal/controller/pod_controller.go:106.93,109.4 2 0
sigs.k8s.io/leader-worker-set/internal/controller/pod_controller.go:112.2,112.16 1 0
sigs.k8s.io/leader-worker-set/internal/controller/pod_controller.go:112.16,114.3 1 0
sigs.k8s.io/leader-worker-set/internal/controller/pod_controller.go:115.2,115.91 1 0
sigs.k8s.io/leader-worker-set/internal/controller/pod_controller.go:115.91,118.3 2 0
sigs.k8s.io/leader-worker-set/internal/controller/pod_controller.go:119.2,120.16 2 0
sigs.k8s.io/leader-worker-set/internal/controller/pod_controller.go:120.16,122.3 1 0
sigs.k8s.io/leader-worker-set/internal/controller/pod_controller.go:123.2,134.16 3 0
sigs.k8s.io/leader-worker-set/internal/controller/pod_controller.go:134.16,136.3 1 0
sigs.k8s.io/leader-worker-set/internal/controller/pod_controller.go:137.2,138.27 2 0
sigs.k8s.io/leader-worker-set/internal/controller/pod_controller.go:141.145,142.106 1 0
sigs.k8s.io/leader-worker-set/internal/controller/pod_controller.go:142.106,144.3 1 0
sigs.k8s.io/leader-worker-set/internal/controller/pod_controller.go:146.2,146.50 1 0
sigs.k8s.io/leader-worker-set/internal/controller/pod_controller.go:146.50,148.3 1 0
sigs.k8s.io/leader-worker-set/internal/controller/pod_controller.go:149.2,150.21 2 0
sigs.k8s.io/leader-worker-set/internal/controller/pod_controller.go:150.21,152.20 2 0
sigs.k8s.io/leader-worker-set/internal/controller/pod_controller.go:152.20,154.4 1 0
sigs.k8s.io/leader-worker-set/internal/controller/pod_controller.go:155.3,155.114 1 0
sigs.k8s.io/leader-worker-set/internal/controller/pod_controller.go:155.114,157.4 1 0
sigs.k8s.io/leader-worker-set/internal/controller/pod_controller.go:158.8,160.3 1 0
sigs.k8s.io/leader-worker-set/internal/controller/pod_controller.go:162.2,162.37 1 0
sigs.k8s.io/leader-worker-set/internal/controller/pod_controller.go:162.37,164.3 1 0
sigs.k8s.io/leader-worker-set/internal/controller/pod_controller.go:165.2,168.17 2 0
sigs.k8s.io/leader-worker-set/internal/controller/pod_controller.go:168.17,170.3 1 0
sigs.k8s.io/leader-worker-set/internal/controller/pod_controller.go:171.2,171.18 1 0
sigs.k8s.io/leader-worker-set/internal/controller/pod_controller.go:174.166,177.16 3 0
sigs.k8s.io/leader-worker-set/internal/controller/pod_controller.go:177.16,180.3 2 0
sigs.k8s.io/leader-worker-set/internal/controller/pod_controller.go:185.2,188.12 2 0
sigs.k8s.io/leader-worker-set/internal/controller/pod_controller.go:191.120,199.95 5 0
sigs.k8s.io/leader-worker-set/internal/controller/pod_controller.go:199.95,204.3 2 0
sigs.k8s.io/leader-worker-set/internal/controller/pod_controller.go:207.2,208.13 2 0
sigs.k8s.io/leader-worker-set/internal/controller/pod_controller.go:208.13,210.3 1 0
sigs.k8s.io/leader-worker-set/internal/controller/pod_controller.go:211.2,211.22 1 0
sigs.k8s.io/leader-worker-set/internal/controller/pod_controller.go:214.66,217.79 1 0
sigs.k8s.io/leader-worker-set/internal/controller/pod_controller.go:217.79,218.43 1 0
sigs.k8s.io/leader-worker-set/internal/controller/pod_controller.go:218.43,221.5 2 0
sigs.k8s.io/leader-worker-set/internal/controller/pod_controller.go:222.4,222.59 1 0
sigs.k8s.io/leader-worker-set/internal/controller/pod_controller.go:222.59,225.5 2 0
sigs.k8s.io/leader-worker-set/internal/controller/pod_controller.go:226.4,226.16 1 0
